Time resolution is 1 ps
Time=              100000: freq:          0
Time=              110000: freq:          0
Time=              130000: freq:          0
Time=              150000: freq:          0
Time=              170000: freq:          0
Time=              190000: freq:          0
Time=              210000: freq:          0
Time=              230000: freq:          0
Time=              250000: freq:          0
Time=              270000: freq:          0
Time=              290000: freq:          0
Time=              310000: freq:          0
Time=              330000: freq:          0
Time=              350000: freq:          0
Time=              370000: freq:          0
Time=              390000: freq:          0
Time=              410000: freq:          0
Time=              430000: freq:          0
Time=              450000: freq:          0
Time=              470000: freq:          0
Time=              490000: freq:          0
Time=              510000: freq:          0
Time=              530000: freq:          0
Time=              550000: freq:          0
Time=              570000: freq:          0
Time=              590000: freq:          0
Time=              610000: freq:          0
Time=              630000: freq:          0
Time=              650000: freq:          0
Time=              670000: freq:          0
Time=              690000: freq:          0
Time=              710000: freq:          0
Time=              730000: freq:          0
Time=              750000: freq:          0
Time=              770000: freq:          0
Time=              790000: freq:          0
Time=              810000: freq:          0
Time=              830000: freq:          0
Time=              850000: freq:          0
Time=              870000: freq:          0
Time=              890000: freq:          0
Time=              910000: freq:          0
Time=              930000: freq:          0
Time=              950000: freq:          0
Time=              970000: freq:          0
Time=              990000: freq:          0
Time=             1010000: freq:          0
Time=             1030000: freq:          0
Time=             1050000: freq:          0
Time=             1070000: freq:          0
Time=             1090000: freq:          0
Time=             1110000: freq:          0
Time=             1130000: freq:          0
Time=             1150000: freq:          0
Time=             1170000: freq:          0
Time=             1190000: freq:          0
Time=             1210000: freq:          0
Time=             1230000: freq:          0
Time=             1250000: freq:          0
Time=             1270000: freq:          0
Time=             1290000: freq:          0
Time=             1310000: freq:          0
Time=             1330000: freq:          0
Time=             1350000: freq:          0
Time=             1370000: freq:          0
Time=             1390000: freq:          0
Time=             1410000: freq:          0
Time=             1430000: freq:          0
Time=             1450000: freq:          0
Time=             1470000: freq:          0
Time=             1490000: freq:          0
Time=             1510000: freq:          0
Time=             1530000: freq:          0
Time=             1550000: freq:          0
Time=             1570000: freq:          0
Time=             1590000: freq:          0
Time=             1610000: freq:          0
Time=             1630000: freq:          0
Time=             1650000: freq:          0
Time=             1670000: freq:          0
Time=             1690000: freq:          0
Time=             1710000: freq:          0
Time=             1730000: freq:          0
Time=             1750000: freq:          0
Time=             1770000: freq:          0
Time=             1790000: freq:          0
Time=             1810000: freq:          0
Time=             1830000: freq:          0
Time=             1850000: freq:          0
Time=             1870000: freq:          0
Time=             1890000: freq:          0
Time=             1910000: freq:          0
Time=             1930000: freq:          0
Time=             1950000: freq:          0
Time=             1970000: freq:          0
Time=             1990000: freq:          0
Time=             2010000: freq:          0
Time=             2030000: freq:          0
Time=             2050000: freq:          0
Time=             2070000: freq:          0
Time=             2090000: freq:          0
Time=             2110000: freq:          0
Time=             2130000: freq:          0
Time=             2150000: freq:          0
Time=             2170000: freq:          0
Time=             2190000: freq:          0
Time=             2210000: freq:          0
Time=             2230000: freq:          0
Time=             2250000: freq:          0
Time=             2270000: freq:          0
Time=             2290000: freq:          0
Time=             2310000: freq:          0
Time=             2330000: freq:          0
Time=             2350000: freq:          0
Time=             2370000: freq:          0
Time=             2390000: freq:          0
Time=             2410000: freq:          0
Time=             2430000: freq:          0
Time=             2450000: freq:          0
Time=             2470000: freq:          0
Time=             2490000: freq:          0
Time=             2510000: freq:          0
Time=             2530000: freq:          0
Time=             2550000: freq:          0
Time=             2570000: freq:          0
Time=             2590000: freq:          0
Time=             2610000: freq:          0
Time=             2630000: freq:          0
Time=             2650000: freq:          0
Time=             2670000: freq:          0
Time=             2690000: freq:          0
Time=             2710000: freq:          0
Time=             2730000: freq:          0
Time=             2750000: freq:          0
Time=             2770000: freq:          0
Time=             2790000: freq:          0
Time=             2810000: freq:          0
Time=             2830000: freq:          0
Time=             2850000: freq:          0
Time=             2870000: freq:          0
Time=             2890000: freq:          0
Time=             2910000: freq:          0
Time=             2930000: freq:          0
Time=             2950000: freq:          0
Time=             2970000: freq:          0
Time=             2990000: freq:          0
Time=             3010000: freq:          0
Time=             3030000: freq:          0
Time=             3050000: freq:          0
Time=             3070000: freq:          0
Time=             3090000: freq:          0
Time=             3110000: freq:          0
Time=             3130000: freq:          0
Time=             3150000: freq:          0
Time=             3170000: freq:          0
Time=             3190000: freq:          0
Time=             3210000: freq:          0
Time=             3230000: freq:          0
Time=             3250000: freq:          0
Time=             3270000: freq:          0
Time=             3290000: freq:          0
Time=             3310000: freq:          0
Time=             3330000: freq:          0
Time=             3350000: freq:          0
Time=             3370000: freq:          0
Time=             3390000: freq:          0
Time=             3410000: freq:          0
Time=             3430000: freq:          0
Time=             3450000: freq:          0
Time=             3470000: freq:          0
Time=             3490000: freq:          0
Time=             3510000: freq:          0
Time=             3530000: freq:          0
Time=             3550000: freq:          0
Time=             3570000: freq:          0
Time=             3590000: freq:          0
Time=             3610000: freq:          0
Time=             3630000: freq:          0
Time=             3650000: freq:          0
Time=             3670000: freq:          0
Time=             3690000: freq:          0
Time=             3710000: freq:          0
Time=             3730000: freq:          0
Time=             3750000: freq:          0
Time=             3770000: freq:          0
Time=             3790000: freq:          0
Time=             3810000: freq:          0
Time=             3830000: freq:          0
Time=             3850000: freq:          0
Time=             3870000: freq:          0
Time=             3890000: freq:          0
Time=             3910000: freq:          0
Time=             3930000: freq:          0
Time=             3950000: freq:          0
Time=             3970000: freq:          0
Time=             3990000: freq:          0
Time=             4010000: freq:          0
Time=             4030000: freq:          0
Time=             4050000: freq:          0
Time=             4070000: freq:          0
Time=             4090000: freq:          0
Time=             4110000: freq:          0
Time=             4130000: freq:          0
Time=             4150000: freq:          0
Time=             4170000: freq:          0
Time=             4190000: freq:          0
Time=             4210000: freq:          0
Time=             4230000: freq:          0
Time=             4250000: freq:          0
Time=             4270000: freq:          0
Time=             4290000: freq:          0
Time=             4310000: freq:          0
Time=             4330000: freq:          0
Time=             4350000: freq:          0
Time=             4370000: freq:          0
Time=             4390000: freq:          0
Time=             4410000: freq:          0
Time=             4430000: freq:          0
Time=             4450000: freq:          0
Time=             4470000: freq:          0
Time=             4490000: freq:          0
Time=             4510000: freq:          0
Time=             4530000: freq:          0
Time=             4550000: freq:          0
Time=             4570000: freq:          0
Time=             4590000: freq:          0
Time=             4610000: freq:          0
Time=             4630000: freq:          0
Time=             4650000: freq:          0
Time=             4670000: freq:          0
Time=             4690000: freq:          0
Time=             4710000: freq:          0
Time=             4730000: freq:          0
Time=             4750000: freq:          0
Time=             4770000: freq:          0
Time=             4790000: freq:          0
Time=             4810000: freq:          0
Time=             4830000: freq:          0
Time=             4850000: freq:          0
Time=             4870000: freq:          0
Time=             4890000: freq:          0
Time=             4910000: freq:          0
Time=             4930000: freq:          0
Time=             4950000: freq:          0
Time=             4970000: freq:          0
Time=             4990000: freq:          0
Time=             5010000: freq:          0
Time=             5030000: freq:          0
Time=             5050000: freq:          0
Time=             5070000: freq:          0
Time=             5090000: freq:          0
Time=             5110000: freq:          0
Time=             5130000: freq:          0
Time=             5150000: freq:          0
Time=             5170000: freq:          0
Time=             5190000: freq:          0
Time=             5210000: freq:          0
Time=             5230000: freq:          0
Time=             5250000: freq:          0
Time=             5270000: freq:          0
Time=             5290000: freq:          0
Time=             5310000: freq:          0
Time=             5330000: freq:          0
Time=             5350000: freq:          0
Time=             5370000: freq:          0
Time=             5390000: freq:          0
Time=             5410000: freq:          0
Time=             5430000: freq:          0
Time=             5450000: freq:          0
Time=             5470000: freq:          0
Time=             5490000: freq:          0
Time=             5510000: freq:          0
Time=             5530000: freq:          0
Time=             5550000: freq:          0
Time=             5570000: freq:          0
Time=             5590000: freq:          0
Time=             5610000: freq:          0
Time=             5630000: freq:          0
Time=             5650000: freq:          0
Time=             5670000: freq:          0
Time=             5690000: freq:          0
Time=             5710000: freq:          0
Time=             5730000: freq:          0
Time=             5750000: freq:          0
Time=             5770000: freq:          0
Time=             5790000: freq:          0
Time=             5810000: freq:          0
Time=             5830000: freq:          0
Time=             5850000: freq:          0
Time=             5870000: freq:          0
Time=             5890000: freq:          0
Time=             5910000: freq:          0
Time=             5930000: freq:          0
Time=             5950000: freq:          0
Time=             5970000: freq:          0
Time=             5990000: freq:          0
Time=             6010000: freq:          0
Time=             6030000: freq:          0
Time=             6050000: freq:          0
Time=             6070000: freq:          0
Time=             6090000: freq:          0
Time=             6110000: freq:          0
Time=             6130000: freq:          0
Time=             6150000: freq:          0
Time=             6170000: freq:          0
Time=             6190000: freq:          0
Time=             6210000: freq:          0
Time=             6230000: freq:          0
Time=             6250000: freq:          0
Time=             6270000: freq:          0
Time=             6290000: freq:          0
Time=             6310000: freq:          0
Time=             6330000: freq:          0
Time=             6350000: freq:          0
Time=             6370000: freq:          0
Time=             6390000: freq:          0
Time=             6410000: freq:          0
Time=             6430000: freq:          0
Time=             6450000: freq:          0
Time=             6470000: freq:          0
Time=             6490000: freq:          0
Time=             6510000: freq:          0
Time=             6530000: freq:          0
Time=             6550000: freq:          0
Time=             6570000: freq:          0
Time=             6590000: freq:          0
Time=             6610000: freq:          0
Time=             6630000: freq:          0
Time=             6650000: freq:          0
Time=             6670000: freq:          0
Time=             6690000: freq:          0
Time=             6710000: freq:          0
Time=             6730000: freq:          0
Time=             6750000: freq:          0
Time=             6770000: freq:          0
Time=             6790000: freq:          0
Time=             6810000: freq:          0
Time=             6830000: freq:          0
Time=             6850000: freq:          0
Time=             6870000: freq:          0
Time=             6890000: freq:          0
Time=             6910000: freq:          0
Time=             6930000: freq:          0
Time=             6950000: freq:          0
Time=             6970000: freq:          0
Time=             6990000: freq:          0
Time=             7010000: freq:          0
Time=             7030000: freq:          0
Time=             7050000: freq:          0
Time=             7070000: freq:          0
Time=             7090000: freq:          0
Time=             7110000: freq:          0
Time=             7130000: freq:          0
Time=             7150000: freq:          0
Time=             7170000: freq:          0
Time=             7190000: freq:          0
Time=             7210000: freq:          0
Time=             7230000: freq:          0
Time=             7250000: freq:          0
Time=             7270000: freq:          0
Time=             7290000: freq:          0
Time=             7310000: freq:          0
Time=             7330000: freq:          0
Time=             7350000: freq:          0
Time=             7370000: freq:          0
Time=             7390000: freq:          0
Time=             7410000: freq:          0
Time=             7430000: freq:          0
Time=             7450000: freq:          0
Time=             7470000: freq:          0
Time=             7490000: freq:          0
Time=             7510000: freq:          0
Time=             7530000: freq:          0
Time=             7550000: freq:          0
Time=             7570000: freq:          0
Time=             7590000: freq:          0
Time=             7610000: freq:          0
Time=             7630000: freq:          0
Time=             7650000: freq:          0
Time=             7670000: freq:          0
Time=             7690000: freq:          0
Time=             7710000: freq:          0
Time=             7730000: freq:          0
Time=             7750000: freq:          0
Time=             7770000: freq:          0
Time=             7790000: freq:          0
Time=             7810000: freq:          0
Time=             7830000: freq:          0
Time=             7850000: freq:          0
Time=             7870000: freq:          0
Time=             7890000: freq:          0
Time=             7910000: freq:          0
Time=             7930000: freq:          0
Time=             7950000: freq:          0
Time=             7970000: freq:          0
Time=             7990000: freq:          0
Time=             8010000: freq:          0
Time=             8030000: freq:          0
Time=             8050000: freq:          1
Time=             8070000: freq:          1
Time=             8090000: freq:          1
Time=             8110000: freq:          1
Time=             8130000: freq:          1
Time=             8150000: freq:          1
Time=             8170000: freq:          1
Time=             8190000: freq:          1
Time=             8210000: freq:          1
Time=             8230000: freq:          1
Time=             8250000: freq:          1
Time=             8270000: freq:          1
Time=             8290000: freq:          1
Time=             8310000: freq:          1
Time=             8330000: freq:          1
Time=             8350000: freq:          1
Time=             8370000: freq:          1
Time=             8390000: freq:          1
Time=             8410000: freq:          1
Time=             8430000: freq:          1
Time=             8450000: freq:          1
Time=             8470000: freq:          1
Time=             8490000: freq:          1
Time=             8510000: freq:          1
Time=             8530000: freq:          1
Time=             8550000: freq:          1
Time=             8570000: freq:          1
Time=             8590000: freq:          1
Time=             8610000: freq:          1
Time=             8630000: freq:          1
Time=             8650000: freq:          1
Time=             8670000: freq:          1
Time=             8690000: freq:          1
Time=             8710000: freq:          1
Time=             8730000: freq:          1
Time=             8750000: freq:          1
Time=             8770000: freq:          1
Time=             8790000: freq:          1
Time=             8810000: freq:          1
Time=             8830000: freq:          1
Time=             8850000: freq:          1
Time=             8870000: freq:          1
Time=             8890000: freq:          1
Time=             8910000: freq:          1
Time=             8930000: freq:          1
Time=             8950000: freq:          1
Time=             8970000: freq:          1
Time=             8990000: freq:          1
Time=             9010000: freq:          1
Time=             9030000: freq:          1
Time=             9050000: freq:          1
Time=             9070000: freq:          1
Time=             9090000: freq:          1
Time=             9110000: freq:          1
Time=             9130000: freq:          1
Time=             9150000: freq:          1
Time=             9170000: freq:          1
Time=             9190000: freq:          1
Time=             9210000: freq:          1
Time=             9230000: freq:          1
Time=             9250000: freq:          1
Time=             9270000: freq:          1
Time=             9290000: freq:          1
Time=             9310000: freq:          1
Time=             9330000: freq:          1
Time=             9350000: freq:          1
Time=             9370000: freq:          1
Time=             9390000: freq:          1
Time=             9410000: freq:          1
Time=             9430000: freq:          1
Time=             9450000: freq:          1
Time=             9470000: freq:          1
Time=             9490000: freq:          1
Time=             9510000: freq:          1
Time=             9530000: freq:          1
Time=             9550000: freq:          1
Time=             9570000: freq:          1
Time=             9590000: freq:          1
Time=             9610000: freq:          1
Time=             9630000: freq:          1
Time=             9650000: freq:          1
Time=             9670000: freq:          1
Time=             9690000: freq:          1
Time=             9710000: freq:          1
Time=             9730000: freq:          1
Time=             9750000: freq:          1
Time=             9770000: freq:          1
Time=             9790000: freq:          1
Time=             9810000: freq:          1
Time=             9830000: freq:          1
Time=             9850000: freq:          1
Time=             9870000: freq:          1
Time=             9890000: freq:          1
Time=             9910000: freq:          1
Time=             9930000: freq:          1
Time=             9950000: freq:          1
Time=             9970000: freq:          1
Time=             9990000: freq:          1
Time=            10010000: freq:          1
Time=            10030000: freq:          1
Time=            10050000: freq:          1
Time=            10070000: freq:          1
Time=            10090000: freq:          1
Time=            10110000: freq:          1
Time=            10130000: freq:          1
Time=            10150000: freq:          1
Time=            10170000: freq:          1
Time=            10190000: freq:          1
Time=            10210000: freq:          1
Time=            10230000: freq:          1
Time=            10250000: freq:          1
Time=            10270000: freq:          1
Time=            10290000: freq:          1
Time=            10310000: freq:          1
Time=            10330000: freq:          1
Time=            10350000: freq:          1
Time=            10370000: freq:          1
Time=            10390000: freq:          1
Time=            10410000: freq:          1
Time=            10430000: freq:          1
Time=            10450000: freq:          1
Time=            10470000: freq:          1
Time=            10490000: freq:          1
Time=            10510000: freq:          1
Time=            10530000: freq:          1
Time=            10550000: freq:          1
Time=            10570000: freq:          1
Time=            10590000: freq:          1
Time=            10610000: freq:          1
Time=            10630000: freq:          1
Time=            10650000: freq:          1
Time=            10670000: freq:          1
Time=            10690000: freq:          1
Time=            10710000: freq:          1
Time=            10730000: freq:          1
Time=            10750000: freq:          1
Time=            10770000: freq:          1
Time=            10790000: freq:          1
Time=            10810000: freq:          1
Time=            10830000: freq:          1
Time=            10850000: freq:          1
Time=            10870000: freq:          1
Time=            10890000: freq:          1
Time=            10910000: freq:          1
Time=            10930000: freq:          1
Time=            10950000: freq:          1
Time=            10970000: freq:          1
Time=            10990000: freq:          1
Time=            11010000: freq:          1
Time=            11030000: freq:          1
Time=            11050000: freq:          1
Time=            11070000: freq:          1
Time=            11090000: freq:          1
Time=            11110000: freq:          1
Time=            11130000: freq:          1
Time=            11150000: freq:          1
Time=            11170000: freq:          1
Time=            11190000: freq:          1
Time=            11210000: freq:          1
Time=            11230000: freq:          1
Time=            11250000: freq:          1
Time=            11270000: freq:          1
Time=            11290000: freq:          1
Time=            11310000: freq:          1
Time=            11330000: freq:          1
Time=            11350000: freq:          1
Time=            11370000: freq:          1
Time=            11390000: freq:          1
Time=            11410000: freq:          1
Time=            11430000: freq:          1
Time=            11450000: freq:          1
Time=            11470000: freq:          1
Time=            11490000: freq:          1
Time=            11510000: freq:          1
Time=            11530000: freq:          1
Time=            11550000: freq:          1
Time=            11570000: freq:          1
Time=            11590000: freq:          1
Time=            11610000: freq:          1
Time=            11630000: freq:          1
Time=            11650000: freq:          1
Time=            11670000: freq:          1
Time=            11690000: freq:          1
Time=            11710000: freq:          1
Time=            11730000: freq:          1
Time=            11750000: freq:          1
Time=            11770000: freq:          1
Time=            11790000: freq:          1
Time=            11810000: freq:          1
Time=            11830000: freq:          1
Time=            11850000: freq:          1
Time=            11870000: freq:          1
Time=            11890000: freq:          1
Time=            11910000: freq:          1
Time=            11930000: freq:          1
Time=            11950000: freq:          1
Time=            11970000: freq:          1
Time=            11990000: freq:          1
Time=            12010000: freq:          1
Time=            12030000: freq:          1
Time=            12050000: freq:          1
Time=            12070000: freq:          1
Time=            12090000: freq:          1
Time=            12110000: freq:          1
Time=            12130000: freq:          1
Time=            12150000: freq:          1
Time=            12170000: freq:          1
Time=            12190000: freq:          1
Time=            12210000: freq:          1
Time=            12230000: freq:          1
Time=            12250000: freq:          1
Time=            12270000: freq:          1
Time=            12290000: freq:          1
Time=            12310000: freq:          1
Time=            12330000: freq:          1
Time=            12350000: freq:          1
Time=            12370000: freq:          1
Time=            12390000: freq:          1
Time=            12410000: freq:          1
Time=            12430000: freq:          1
Time=            12450000: freq:          1
Time=            12470000: freq:          1
Time=            12490000: freq:          1
Time=            12510000: freq:          1
Time=            12530000: freq:          1
Time=            12550000: freq:          1
Time=            12570000: freq:          1
Time=            12590000: freq:          1
Time=            12610000: freq:          1
Time=            12630000: freq:          1
Time=            12650000: freq:          1
Time=            12670000: freq:          1
Time=            12690000: freq:          1
Time=            12710000: freq:          1
Time=            12730000: freq:          1
Time=            12750000: freq:          1
Time=            12770000: freq:          1
Time=            12790000: freq:          1
Time=            12810000: freq:          1
Time=            12830000: freq:          1
Time=            12850000: freq:          1
Time=            12870000: freq:          1
Time=            12890000: freq:          1
Time=            12910000: freq:          1
Time=            12930000: freq:          1
Time=            12950000: freq:          1
Time=            12970000: freq:          1
Time=            12990000: freq:          1
Time=            13010000: freq:          1
Time=            13030000: freq:          1
Time=            13050000: freq:          1
Time=            13070000: freq:          1
Time=            13090000: freq:          1
Time=            13110000: freq:          1
Time=            13130000: freq:          1
Time=            13150000: freq:          1
Time=            13170000: freq:          1
Time=            13190000: freq:          1
Time=            13210000: freq:          1
Time=            13230000: freq:          1
Time=            13250000: freq:          1
Time=            13270000: freq:          1
Time=            13290000: freq:          1
Time=            13310000: freq:          1
Time=            13330000: freq:          1
Time=            13350000: freq:          1
Time=            13370000: freq:          1
Time=            13390000: freq:          1
Time=            13410000: freq:          1
Time=            13430000: freq:          1
Time=            13450000: freq:          1
Time=            13470000: freq:          1
Time=            13490000: freq:          1
Time=            13510000: freq:          1
Time=            13530000: freq:          1
Time=            13550000: freq:          1
Time=            13570000: freq:          1
Time=            13590000: freq:          1
Time=            13610000: freq:          1
Time=            13630000: freq:          1
Time=            13650000: freq:          1
Time=            13670000: freq:          1
Time=            13690000: freq:          1
Time=            13710000: freq:          1
Time=            13730000: freq:          1
Time=            13750000: freq:          1
Time=            13770000: freq:          1
Time=            13790000: freq:          1
Time=            13810000: freq:          1
Time=            13830000: freq:          1
Time=            13850000: freq:          1
Time=            13870000: freq:          1
Time=            13890000: freq:          1
Time=            13910000: freq:          1
Time=            13930000: freq:          1
Time=            13950000: freq:          1
Time=            13970000: freq:          1
Time=            13990000: freq:          1
Time=            14010000: freq:          1
Time=            14030000: freq:          1
Time=            14050000: freq:          1
Time=            14070000: freq:          1
Time=            14090000: freq:          1
Time=            14110000: freq:          1
Time=            14130000: freq:          1
Time=            14150000: freq:          1
Time=            14170000: freq:          1
Time=            14190000: freq:          1
Time=            14210000: freq:          1
Time=            14230000: freq:          1
Time=            14250000: freq:          1
Time=            14270000: freq:          1
Time=            14290000: freq:          1
Time=            14310000: freq:          1
Time=            14330000: freq:          1
Time=            14350000: freq:          1
Time=            14370000: freq:          1
Time=            14390000: freq:          1
Time=            14410000: freq:          1
Time=            14430000: freq:          1
Time=            14450000: freq:          1
Time=            14470000: freq:          1
Time=            14490000: freq:          1
Time=            14510000: freq:          1
Time=            14530000: freq:          1
Time=            14550000: freq:          1
Time=            14570000: freq:          1
Time=            14590000: freq:          1
Time=            14610000: freq:          1
Time=            14630000: freq:          1
Time=            14650000: freq:          1
Time=            14670000: freq:          1
Time=            14690000: freq:          1
Time=            14710000: freq:          1
Time=            14730000: freq:          1
Time=            14750000: freq:          1
Time=            14770000: freq:          1
Time=            14790000: freq:          1
Time=            14810000: freq:          1
Time=            14830000: freq:          1
Time=            14850000: freq:          1
Time=            14870000: freq:          1
Time=            14890000: freq:          1
Time=            14910000: freq:          1
Time=            14930000: freq:          1
Time=            14950000: freq:          1
Time=            14970000: freq:          1
Time=            14990000: freq:          1
Time=            15010000: freq:          1
Time=            15030000: freq:          1
Time=            15050000: freq:          1
Time=            15070000: freq:          1
Time=            15090000: freq:          1
Time=            15110000: freq:          1
Time=            15130000: freq:          1
Time=            15150000: freq:          1
Time=            15170000: freq:          1
Time=            15190000: freq:          1
Time=            15210000: freq:          1
Time=            15230000: freq:          1
Time=            15250000: freq:          1
Time=            15270000: freq:          1
Time=            15290000: freq:          1
Time=            15310000: freq:          1
Time=            15330000: freq:          1
Time=            15350000: freq:          1
Time=            15370000: freq:          1
Time=            15390000: freq:          1
Time=            15410000: freq:          1
Time=            15430000: freq:          1
Time=            15450000: freq:          1
Time=            15470000: freq:          1
Time=            15490000: freq:          1
Time=            15510000: freq:          1
Time=            15530000: freq:          1
Time=            15550000: freq:          1
Time=            15570000: freq:          1
Time=            15590000: freq:          1
Time=            15610000: freq:          1
Time=            15630000: freq:          1
Time=            15650000: freq:          1
Time=            15670000: freq:          1
Time=            15690000: freq:          1
Time=            15710000: freq:          1
Time=            15730000: freq:          1
Time=            15750000: freq:          1
Time=            15770000: freq:          1
Time=            15790000: freq:          1
Time=            15810000: freq:          1
Time=            15830000: freq:          1
Time=            15850000: freq:          1
Time=            15870000: freq:          1
Time=            15890000: freq:          1
Time=            15910000: freq:          1
Time=            15930000: freq:          1
Time=            15950000: freq:          1
Time=            15970000: freq:          1
Time=            15990000: freq:          1
Time=            16010000: freq:          1
Time=            16030000: freq:          1
Time=            16050000: freq:          1
Time=            16070000: freq:          1
Time=            16090000: freq:          1
Time=            16110000: freq:          1
Time=            16130000: freq:          1
Time=            16150000: freq:          1
Time=            16170000: freq:          1
Time=            16190000: freq:          1
Time=            16210000: freq:          1
Time=            16230000: freq:          1
Time=            16250000: freq:          1
Time=            16270000: freq:          1
Time=            16290000: freq:          1
Time=            16310000: freq:          1
Time=            16330000: freq:          1
Time=            16350000: freq:          1
Time=            16370000: freq:          1
Time=            16390000: freq:          1
Time=            16410000: freq:          1
Time=            16430000: freq:          1
Time=            16450000: freq:          1
Time=            16470000: freq:          1
Time=            16490000: freq:          1
Time=            16510000: freq:          1
Time=            16530000: freq:          1
Time=            16550000: freq:          1
Time=            16570000: freq:          1
Time=            16590000: freq:          1
Time=            16610000: freq:          1
Time=            16630000: freq:          1
Time=            16650000: freq:          1
Time=            16670000: freq:          1
Time=            16690000: freq:          1
Time=            16710000: freq:          1
Time=            16730000: freq:          1
Time=            16750000: freq:          1
Time=            16770000: freq:          1
Time=            16790000: freq:          1
Time=            16810000: freq:          1
Time=            16830000: freq:          1
Time=            16850000: freq:          1
Time=            16870000: freq:          1
Time=            16890000: freq:          1
Time=            16910000: freq:          1
Time=            16930000: freq:          1
Time=            16950000: freq:          1
Time=            16970000: freq:          1
Time=            16990000: freq:          1
Time=            17010000: freq:          1
Time=            17030000: freq:          1
Time=            17050000: freq:          1
Time=            17070000: freq:          1
Time=            17090000: freq:          1
Time=            17110000: freq:          1
Time=            17130000: freq:          1
Time=            17150000: freq:          1
Time=            17170000: freq:          1
Time=            17190000: freq:          1
Time=            17210000: freq:          1
Time=            17230000: freq:          1
Time=            17250000: freq:          1
Time=            17270000: freq:          1
Time=            17290000: freq:          1
Time=            17310000: freq:          1
Time=            17330000: freq:          1
Time=            17350000: freq:          1
Time=            17370000: freq:          1
Time=            17390000: freq:          1
Time=            17410000: freq:          1
Time=            17430000: freq:          1
Time=            17450000: freq:          1
Time=            17470000: freq:          1
Time=            17490000: freq:          1
Time=            17510000: freq:          1
Time=            17530000: freq:          1
Time=            17550000: freq:          1
Time=            17570000: freq:          1
Time=            17590000: freq:          1
Time=            17610000: freq:          1
Time=            17630000: freq:          1
Time=            17650000: freq:          1
Time=            17670000: freq:          1
Time=            17690000: freq:          1
Time=            17710000: freq:          1
Time=            17730000: freq:          1
Time=            17750000: freq:          1
Time=            17770000: freq:          1
Time=            17790000: freq:          1
Time=            17810000: freq:          1
Time=            17830000: freq:          1
Time=            17850000: freq:          1
Time=            17870000: freq:          1
Time=            17890000: freq:          1
Time=            17910000: freq:          1
Time=            17930000: freq:          1
Time=            17950000: freq:          1
Time=            17970000: freq:          1
Time=            17990000: freq:          1
Time=            18010000: freq:          1
Time=            18030000: freq:          1
Time=            18050000: freq:          1
Time=            18070000: freq:          1
Time=            18090000: freq:          1
Time=            18110000: freq:          1
Time=            18130000: freq:          1
Time=            18150000: freq:          1
Time=            18170000: freq:          1
Time=            18190000: freq:          1
Time=            18210000: freq:          1
Time=            18230000: freq:          1
Time=            18250000: freq:          1
Time=            18270000: freq:          1
Time=            18290000: freq:          1
Time=            18310000: freq:          1
Time=            18330000: freq:          1
Time=            18350000: freq:          1
Time=            18370000: freq:          1
Time=            18390000: freq:          1
Time=            18410000: freq:          1
Time=            18430000: freq:          1
Time=            18450000: freq:          1
Time=            18470000: freq:          1
Time=            18490000: freq:          1
Time=            18510000: freq:          1
Time=            18530000: freq:          1
Time=            18550000: freq:          1
Time=            18570000: freq:          1
Time=            18590000: freq:          1
Time=            18610000: freq:          1
Time=            18630000: freq:          1
Time=            18650000: freq:          1
Time=            18670000: freq:          1
Time=            18690000: freq:          1
Time=            18710000: freq:          1
Time=            18730000: freq:          1
Time=            18750000: freq:          1
Time=            18770000: freq:          1
Time=            18790000: freq:          1
Time=            18810000: freq:          1
Time=            18830000: freq:          1
Time=            18850000: freq:          1
Time=            18870000: freq:          1
Time=            18890000: freq:          1
Time=            18910000: freq:          1
Time=            18930000: freq:          1
Time=            18950000: freq:          1
Time=            18970000: freq:          1
Time=            18990000: freq:          1
Time=            19010000: freq:          1
Time=            19030000: freq:          1
Time=            19050000: freq:          1
Time=            19070000: freq:          1
Time=            19090000: freq:          1
Time=            19110000: freq:          1
Time=            19130000: freq:          1
Time=            19150000: freq:          1
Time=            19170000: freq:          1
Time=            19190000: freq:          1
Time=            19210000: freq:          1
Time=            19230000: freq:          1
Time=            19250000: freq:          1
Time=            19270000: freq:          1
Time=            19290000: freq:          1
Time=            19310000: freq:          1
Time=            19330000: freq:          1
Time=            19350000: freq:          1
Time=            19370000: freq:          1
Time=            19390000: freq:          1
Time=            19410000: freq:          1
Time=            19430000: freq:          1
Time=            19450000: freq:          1
Time=            19470000: freq:          1
Time=            19490000: freq:          1
Time=            19510000: freq:          1
Time=            19530000: freq:          1
Time=            19550000: freq:          1
Time=            19570000: freq:          1
Time=            19590000: freq:          1
Time=            19610000: freq:          1
Time=            19630000: freq:          1
Time=            19650000: freq:          1
Time=            19670000: freq:          1
Time=            19690000: freq:          1
Time=            19710000: freq:          1
Time=            19730000: freq:          1
Time=            19750000: freq:          1
Time=            19770000: freq:          1
Time=            19790000: freq:          1
Time=            19810000: freq:          1
Time=            19830000: freq:          1
Time=            19850000: freq:          1
Time=            19870000: freq:          1
Time=            19890000: freq:          1
Time=            19910000: freq:          1
Time=            19930000: freq:          1
Time=            19950000: freq:          1
Time=            19970000: freq:          1
Time=            19990000: freq:          1
Time=            20010000: freq:          1
Time=            20030000: freq:          1
Time=            20050000: freq:          1
Time=            20070000: freq:          1
$stop called at time : 20090 ns : File "C:/Users/chacr/OneDrive/Documents/Advanced VLSI/GIT/FIR_pipelined_3parallelized/FIR_pipelined_3parallelized.srcs/sim_1/new/tb_FIR_filter.sv" Line 108
